{
  "RSpec": {
    "coverage": {
      "/Users/laurengolden/turing_work/3mod/projects/lunch_and_learn/app/facades/country_facade.rb": {
        "lines": [
          1,
          1,
          1,
          1,
          1,
          null,
          null
        ]
      },
      "/Users/laurengolden/turing_work/3mod/projects/lunch_and_learn/app/facades/recipe_facade.rb": {
        "lines": [
          1,
          1,
          0,
          0,
          0,
          0,
          null,
          null,
          null
        ]
      },
      "/Users/laurengolden/turing_work/3mod/projects/lunch_and_learn/app/poros/country.rb": {
        "lines": [
          1,
          1,
          null,
          1,
          2,
          null,
          null
        ]
      },
      "/Users/laurengolden/turing_work/3mod/projects/lunch_and_learn/app/poros/recipe.rb": {
        "lines": [
          1,
          1,
          null,
          null,
          null,
          null,
          null,
          1,
          0,
          0,
          0,
          0,
          0,
          null,
          null
        ]
      },
      "/Users/laurengolden/turing_work/3mod/projects/lunch_and_learn/app/services/country_service.rb": {
        "lines": [
          1,
          1,
          2,
          null,
          null,
          1,
          2,
          2,
          null,
          null,
          1,
          2,
          2,
          null,
          null,
          null
        ]
      },
      "/Users/laurengolden/turing_work/3mod/projects/lunch_and_learn/app/channels/application_cable/channel.rb": {
        "lines": [
          0,
          0,
          0,
          0
        ],
        "branches": {
        }
      },
      "/Users/laurengolden/turing_work/3mod/projects/lunch_and_learn/app/channels/application_cable/connection.rb": {
        "lines": [
          0,
          0,
          0,
          0
        ],
        "branches": {
        }
      },
      "/Users/laurengolden/turing_work/3mod/projects/lunch_and_learn/app/controllers/api/v1/recipes_controller.rb": {
        "lines": [
          0,
          0,
          0,
          0,
          0,
          0,
          0,
          0,
          0,
          0,
          0,
          0,
          0,
          0,
          0
        ],
        "branches": {
        }
      },
      "/Users/laurengolden/turing_work/3mod/projects/lunch_and_learn/app/controllers/application_controller.rb": {
        "lines": [
          0,
          0
        ],
        "branches": {
        }
      },
      "/Users/laurengolden/turing_work/3mod/projects/lunch_and_learn/app/jobs/application_job.rb": {
        "lines": [
          0,
          null,
          null,
          null,
          null,
          null,
          0
        ],
        "branches": {
        }
      },
      "/Users/laurengolden/turing_work/3mod/projects/lunch_and_learn/app/mailers/application_mailer.rb": {
        "lines": [
          0,
          0,
          0,
          0
        ],
        "branches": {
        }
      },
      "/Users/laurengolden/turing_work/3mod/projects/lunch_and_learn/app/models/application_record.rb": {
        "lines": [
          0,
          0,
          0
        ],
        "branches": {
        }
      },
      "/Users/laurengolden/turing_work/3mod/projects/lunch_and_learn/app/serializers/recipe_serializer.rb": {
        "lines": [
          0,
          0,
          0,
          0
        ],
        "branches": {
        }
      },
      "/Users/laurengolden/turing_work/3mod/projects/lunch_and_learn/app/services/recipe_service.rb": {
        "lines": [
          0,
          0,
          0,
          0,
          0,
          0,
          0,
          null,
          0,
          0,
          0,
          0,
          null,
          0,
          0,
          0,
          0
        ],
        "branches": {
        }
      }
    },
    "timestamp": 1691267355
  }
}
